<?xml version="1.0" encoding="UTF-8"?>
<!-- Generated by org.testng.reporters.JUnitReportReporter -->
<testsuite hostname="DESKTOP-LIFQUMT" failures="0" tests="1" name="Academy.E2EProject.validateNav" time="0.162" errors="0" timestamp="2020-10-13T10:47:29 IST" skipped="0">
  <testcase classname="Academy.E2EProject.validateNav" name="basePageNavigation" time="0.162"/>
  <system-out/>
</testsuite> <!-- Academy.E2EProject.validateNav -->
