<?xml version="1.0" encoding="UTF-8"?>
<!-- Generated by org.testng.reporters.JUnitReportReporter -->
<testsuite hostname="DESKTOP-LIFQUMT" failures="0" tests="1" name="Academy.E2EProject.HomePage" time="4.078" errors="0" timestamp="2020-10-13T10:47:29 IST" skipped="0">
  <testcase classname="Academy.E2EProject.HomePage" name="basePageNavigation" time="4.078"/>
  <system-out/>
</testsuite> <!-- Academy.E2EProject.HomePage -->
