<?xml version="1.0" encoding="UTF-8"?>
<!-- Generated by org.testng.reporters.JUnitReportReporter -->
<testsuite hostname="DESKTOP-LIFQUMT" failures="0" tests="1" name="Academy.E2EProject.HomePage" time="2.492" errors="0" timestamp="13 Oct 2020 04:22:34 GMT">
  <testcase classname="Academy.E2EProject.HomePage" name="basePageNavigation" time="2.492"/>
</testsuite> <!-- Academy.E2EProject.HomePage -->
