<?xml version="1.0" encoding="UTF-8"?>
<!-- Generated by org.testng.reporters.JUnitReportReporter -->
<testsuite hostname="DESKTOP-LIFQUMT" failures="0" tests="1" name="Academy.E2EProject.validateJV" time="0.117" errors="0" timestamp="13 Oct 2020 04:22:34 GMT">
  <testcase classname="Academy.E2EProject.validateJV" name="basePageNavigation" time="0.117"/>
</testsuite> <!-- Academy.E2EProject.validateJV -->
